<?xml version="1.0" encoding="UTF-8"?>
<testsuite xmlns:xsi="http://www.w3.org/2001/XMLSchema-instance" xsi:noNamespaceSchemaLocation="https://maven.apache.org/surefire/maven-surefire-plugin/xsd/surefire-test-report.xsd" name="org.apache.flink.core.io.DefaultSplitAssignerTest" time="0.135" tests="2" errors="0" skipped="0" failures="0">
  <properties>
    <property name="sun.desktop" value="windows"/>
    <property name="log4j.configuration" value="log4j-test.properties"/>
    <property name="awt.toolkit" value="sun.awt.windows.WToolkit"/>
    <property name="java.specification.version" value="1.8"/>
    <property name="file.encoding.pkg" value="sun.io"/>
    <property name="sun.cpu.isalist" value="amd64"/>
    <property name="forkNumber" value="04"/>
    <property name="sun.jnu.encoding" value="GBK"/>
    <property name="java.class.path" value="D:\codespace\github\flink-1.8.0\flink-1.8.0\flink-core\target\test-classes;D:\codespace\github\flink-1.8.0\flink-1.8.0\flink-core\target\classes;D:\codespace\github\flink-1.8.0\flink-1.8.0\flink-annotations\target\flink-annotations-1.8.0.jar;D:\codespace\github\flink-1.8.0\flink-1.8.0\flink-metrics\flink-metrics-core\target\flink-metrics-core-1.8.0.jar;D:\ProgramFiles\apache-maven-3.2.2\repository\org\apache\flink\flink-shaded-asm\5.0.4-6.0\flink-shaded-asm-5.0.4-6.0.jar;D:\ProgramFiles\apache-maven-3.2.2\repository\org\apache\commons\commons-lang3\3.3.2\commons-lang3-3.3.2.jar;D:\ProgramFiles\apache-maven-3.2.2\repository\com\esotericsoftware\kryo\kryo\2.24.0\kryo-2.24.0.jar;D:\ProgramFiles\apache-maven-3.2.2\repository\com\esotericsoftware\minlog\minlog\1.2\minlog-1.2.jar;D:\ProgramFiles\apache-maven-3.2.2\repository\org\objenesis\objenesis\2.1\objenesis-2.1.jar;D:\ProgramFiles\apache-maven-3.2.2\repository\commons-collections\commons-collections\3.2.2\commons-collections-3.2.2.jar;D:\ProgramFiles\apache-maven-3.2.2\repository\org\apache\commons\commons-compress\1.18\commons-compress-1.18.jar;D:\ProgramFiles\apache-maven-3.2.2\repository\org\apache\flink\flink-shaded-guava\18.0-6.0\flink-shaded-guava-18.0-6.0.jar;D:\codespace\github\flink-1.8.0\flink-1.8.0\flink-test-utils-parent\flink-test-utils-junit\target\flink-test-utils-junit-1.8.0.jar;D:\ProgramFiles\apache-maven-3.2.2\repository\commons-io\commons-io\2.4\commons-io-2.4.jar;D:\ProgramFiles\apache-maven-3.2.2\repository\joda-time\joda-time\2.5\joda-time-2.5.jar;D:\ProgramFiles\apache-maven-3.2.2\repository\org\joda\joda-convert\1.7\joda-convert-1.7.jar;D:\ProgramFiles\apache-maven-3.2.2\repository\org\apache\flink\flink-shaded-jackson\2.7.9-6.0\flink-shaded-jackson-2.7.9-6.0.jar;D:\ProgramFiles\apache-maven-3.2.2\repository\org\projectlombok\lombok\1.16.20\lombok-1.16.20.jar;D:\codespace\github\flink-1.8.0\flink-1.8.0\tools\force-shading\target\force-shading-1.8.0.jar;D:\ProgramFiles\apache-maven-3.2.2\repository\org\slf4j\slf4j-api\1.7.15\slf4j-api-1.7.15.jar;D:\ProgramFiles\apache-maven-3.2.2\repository\com\google\code\findbugs\jsr305\1.3.9\jsr305-1.3.9.jar;D:\ProgramFiles\apache-maven-3.2.2\repository\junit\junit\4.12\junit-4.12.jar;D:\ProgramFiles\apache-maven-3.2.2\repository\org\hamcrest\hamcrest-core\1.3\hamcrest-core-1.3.jar;D:\ProgramFiles\apache-maven-3.2.2\repository\org\mockito\mockito-core\2.21.0\mockito-core-2.21.0.jar;D:\ProgramFiles\apache-maven-3.2.2\repository\net\bytebuddy\byte-buddy\1.8.15\byte-buddy-1.8.15.jar;D:\ProgramFiles\apache-maven-3.2.2\repository\net\bytebuddy\byte-buddy-agent\1.8.15\byte-buddy-agent-1.8.15.jar;D:\ProgramFiles\apache-maven-3.2.2\repository\org\powermock\powermock-module-junit4\2.0.0-RC.4\powermock-module-junit4-2.0.0-RC.4.jar;D:\ProgramFiles\apache-maven-3.2.2\repository\org\powermock\powermock-module-junit4-common\2.0.0-RC.4\powermock-module-junit4-common-2.0.0-RC.4.jar;D:\ProgramFiles\apache-maven-3.2.2\repository\org\powermock\powermock-reflect\2.0.0-RC.4\powermock-reflect-2.0.0-RC.4.jar;D:\ProgramFiles\apache-maven-3.2.2\repository\org\powermock\powermock-core\2.0.0-RC.4\powermock-core-2.0.0-RC.4.jar;D:\ProgramFiles\apache-maven-3.2.2\repository\org\javassist\javassist\3.19.0-GA\javassist-3.19.0-GA.jar;D:\ProgramFiles\apache-maven-3.2.2\repository\org\powermock\powermock-api-mockito2\2.0.0-RC.4\powermock-api-mockito2-2.0.0-RC.4.jar;D:\ProgramFiles\apache-maven-3.2.2\repository\org\powermock\powermock-api-support\2.0.0-RC.4\powermock-api-support-2.0.0-RC.4.jar;D:\ProgramFiles\apache-maven-3.2.2\repository\org\hamcrest\hamcrest-all\1.3\hamcrest-all-1.3.jar;D:\ProgramFiles\apache-maven-3.2.2\repository\org\slf4j\slf4j-log4j12\1.7.15\slf4j-log4j12-1.7.15.jar;D:\ProgramFiles\apache-maven-3.2.2\repository\log4j\log4j\1.2.17\log4j-1.2.17.jar;"/>
    <property name="java.vm.vendor" value="Oracle Corporation"/>
    <property name="sun.arch.data.model" value="64"/>
    <property name="user.variant" value=""/>
    <property name="java.vendor.url" value="http://java.oracle.com/"/>
    <property name="user.timezone" value="Asia/Shanghai"/>
    <property name="java.vm.specification.version" value="1.8"/>
    <property name="os.name" value="Windows 10"/>
    <property name="user.country" value="CN"/>
    <property name="sun.java.launcher" value="SUN_STANDARD"/>
    <property name="sun.boot.library.path" value="D:\ProgramFiles\Java\jdk1.8.0_141\jre\bin"/>
    <property name="sun.java.command" value="C:\Users\wangyg\AppData\Local\Temp\surefire3545557861168180201\surefirebooter1362079789832930615.jar C:\Users\wangyg\AppData\Local\Temp\surefire3545557861168180201 2020-04-20T20-28-23_232-jvmRun4 surefire6752336537456983997tmp surefire_74272309303466369068tmp"/>
    <property name="surefire.test.class.path" value="D:\codespace\github\flink-1.8.0\flink-1.8.0\flink-core\target\test-classes;D:\codespace\github\flink-1.8.0\flink-1.8.0\flink-core\target\classes;D:\codespace\github\flink-1.8.0\flink-1.8.0\flink-annotations\target\flink-annotations-1.8.0.jar;D:\codespace\github\flink-1.8.0\flink-1.8.0\flink-metrics\flink-metrics-core\target\flink-metrics-core-1.8.0.jar;D:\ProgramFiles\apache-maven-3.2.2\repository\org\apache\flink\flink-shaded-asm\5.0.4-6.0\flink-shaded-asm-5.0.4-6.0.jar;D:\ProgramFiles\apache-maven-3.2.2\repository\org\apache\commons\commons-lang3\3.3.2\commons-lang3-3.3.2.jar;D:\ProgramFiles\apache-maven-3.2.2\repository\com\esotericsoftware\kryo\kryo\2.24.0\kryo-2.24.0.jar;D:\ProgramFiles\apache-maven-3.2.2\repository\com\esotericsoftware\minlog\minlog\1.2\minlog-1.2.jar;D:\ProgramFiles\apache-maven-3.2.2\repository\org\objenesis\objenesis\2.1\objenesis-2.1.jar;D:\ProgramFiles\apache-maven-3.2.2\repository\commons-collections\commons-collections\3.2.2\commons-collections-3.2.2.jar;D:\ProgramFiles\apache-maven-3.2.2\repository\org\apache\commons\commons-compress\1.18\commons-compress-1.18.jar;D:\ProgramFiles\apache-maven-3.2.2\repository\org\apache\flink\flink-shaded-guava\18.0-6.0\flink-shaded-guava-18.0-6.0.jar;D:\codespace\github\flink-1.8.0\flink-1.8.0\flink-test-utils-parent\flink-test-utils-junit\target\flink-test-utils-junit-1.8.0.jar;D:\ProgramFiles\apache-maven-3.2.2\repository\commons-io\commons-io\2.4\commons-io-2.4.jar;D:\ProgramFiles\apache-maven-3.2.2\repository\joda-time\joda-time\2.5\joda-time-2.5.jar;D:\ProgramFiles\apache-maven-3.2.2\repository\org\joda\joda-convert\1.7\joda-convert-1.7.jar;D:\ProgramFiles\apache-maven-3.2.2\repository\org\apache\flink\flink-shaded-jackson\2.7.9-6.0\flink-shaded-jackson-2.7.9-6.0.jar;D:\ProgramFiles\apache-maven-3.2.2\repository\org\projectlombok\lombok\1.16.20\lombok-1.16.20.jar;D:\codespace\github\flink-1.8.0\flink-1.8.0\tools\force-shading\target\force-shading-1.8.0.jar;D:\ProgramFiles\apache-maven-3.2.2\repository\org\slf4j\slf4j-api\1.7.15\slf4j-api-1.7.15.jar;D:\ProgramFiles\apache-maven-3.2.2\repository\com\google\code\findbugs\jsr305\1.3.9\jsr305-1.3.9.jar;D:\ProgramFiles\apache-maven-3.2.2\repository\junit\junit\4.12\junit-4.12.jar;D:\ProgramFiles\apache-maven-3.2.2\repository\org\hamcrest\hamcrest-core\1.3\hamcrest-core-1.3.jar;D:\ProgramFiles\apache-maven-3.2.2\repository\org\mockito\mockito-core\2.21.0\mockito-core-2.21.0.jar;D:\ProgramFiles\apache-maven-3.2.2\repository\net\bytebuddy\byte-buddy\1.8.15\byte-buddy-1.8.15.jar;D:\ProgramFiles\apache-maven-3.2.2\repository\net\bytebuddy\byte-buddy-agent\1.8.15\byte-buddy-agent-1.8.15.jar;D:\ProgramFiles\apache-maven-3.2.2\repository\org\powermock\powermock-module-junit4\2.0.0-RC.4\powermock-module-junit4-2.0.0-RC.4.jar;D:\ProgramFiles\apache-maven-3.2.2\repository\org\powermock\powermock-module-junit4-common\2.0.0-RC.4\powermock-module-junit4-common-2.0.0-RC.4.jar;D:\ProgramFiles\apache-maven-3.2.2\repository\org\powermock\powermock-reflect\2.0.0-RC.4\powermock-reflect-2.0.0-RC.4.jar;D:\ProgramFiles\apache-maven-3.2.2\repository\org\powermock\powermock-core\2.0.0-RC.4\powermock-core-2.0.0-RC.4.jar;D:\ProgramFiles\apache-maven-3.2.2\repository\org\javassist\javassist\3.19.0-GA\javassist-3.19.0-GA.jar;D:\ProgramFiles\apache-maven-3.2.2\repository\org\powermock\powermock-api-mockito2\2.0.0-RC.4\powermock-api-mockito2-2.0.0-RC.4.jar;D:\ProgramFiles\apache-maven-3.2.2\repository\org\powermock\powermock-api-support\2.0.0-RC.4\powermock-api-support-2.0.0-RC.4.jar;D:\ProgramFiles\apache-maven-3.2.2\repository\org\hamcrest\hamcrest-all\1.3\hamcrest-all-1.3.jar;D:\ProgramFiles\apache-maven-3.2.2\repository\org\slf4j\slf4j-log4j12\1.7.15\slf4j-log4j12-1.7.15.jar;D:\ProgramFiles\apache-maven-3.2.2\repository\log4j\log4j\1.2.17\log4j-1.2.17.jar;"/>
    <property name="sun.cpu.endian" value="little"/>
    <property name="user.home" value="C:\Users\wangyg"/>
    <property name="user.language" value="zh"/>
    <property name="java.specification.vendor" value="Oracle Corporation"/>
    <property name="java.home" value="D:\ProgramFiles\Java\jdk1.8.0_141\jre"/>
    <property name="basedir" value="D:\codespace\github\flink-1.8.0\flink-1.8.0\flink-core"/>
    <property name="file.separator" value="\"/>
    <property name="line.separator" value="&#10;"/>
    <property name="idea.version2019.2.3" value="true"/>
    <property name="java.vm.specification.vendor" value="Oracle Corporation"/>
    <property name="java.specification.name" value="Java Platform API Specification"/>
    <property name="java.awt.graphicsenv" value="sun.awt.Win32GraphicsEnvironment"/>
    <property name="mvn.forkNumber" value="4"/>
    <property name="surefire.real.class.path" value="C:\Users\wangyg\AppData\Local\Temp\surefire3545557861168180201\surefirebooter1362079789832930615.jar"/>
    <property name="sun.boot.class.path" value="D:\ProgramFiles\Java\jdk1.8.0_141\jre\lib\resources.jar;D:\ProgramFiles\Java\jdk1.8.0_141\jre\lib\rt.jar;D:\ProgramFiles\Java\jdk1.8.0_141\jre\lib\sunrsasign.jar;D:\ProgramFiles\Java\jdk1.8.0_141\jre\lib\jsse.jar;D:\ProgramFiles\Java\jdk1.8.0_141\jre\lib\jce.jar;D:\ProgramFiles\Java\jdk1.8.0_141\jre\lib\charsets.jar;D:\ProgramFiles\Java\jdk1.8.0_141\jre\lib\jfr.jar;D:\ProgramFiles\Java\jdk1.8.0_141\jre\classes"/>
    <property name="user.script" value=""/>
    <property name="sun.management.compiler" value="HotSpot 64-Bit Tiered Compilers"/>
    <property name="java.runtime.version" value="1.8.0_141-b15"/>
    <property name="user.name" value="wangyg"/>
    <property name="path.separator" value=";"/>
    <property name="os.version" value="10.0"/>
    <property name="java.endorsed.dirs" value="D:\ProgramFiles\Java\jdk1.8.0_141\jre\lib\endorsed"/>
    <property name="java.runtime.name" value="Java(TM) SE Runtime Environment"/>
    <property name="file.encoding" value="GBK"/>
    <property name="java.vm.name" value="Java HotSpot(TM) 64-Bit Server VM"/>
    <property name="localRepository" value="D:\ProgramFiles\apache-maven-3.2.2\repository"/>
    <property name="java.vendor.url.bug" value="http://bugreport.sun.com/bugreport/"/>
    <property name="java.io.tmpdir" value="C:\Users\wangyg\AppData\Local\Temp\"/>
    <property name="java.version" value="1.8.0_141"/>
    <property name="user.dir" value="D:\codespace\github\flink-1.8.0\flink-1.8.0\flink-core"/>
    <property name="os.arch" value="amd64"/>
    <property name="java.vm.specification.name" value="Java Virtual Machine Specification"/>
    <property name="java.awt.printerjob" value="sun.awt.windows.WPrinterJob"/>
    <property name="sun.os.patch.level" value=""/>
    <property name="java.library.path" value="D:\ProgramFiles\Java\jdk1.8.0_141\jre\bin;C:\Windows\Sun\Java\bin;C:\Windows\system32;C:\Windows;D:\ProgramFiles\Xftp6\;C:\Program Files (x86)\Intel\Intel(R) Management Engine Components\iCLS\;C:\Program Files\Intel\Intel(R) Management Engine Components\iCLS\;C:\Windows\system32;C:\Windows;C:\Windows\System32\Wbem;C:\Windows\System32\WindowsPowerShell\v1.0\;C:\Windows\System32\OpenSSH\;C:\Program Files (x86)\Intel\Intel(R) Management Engine Components\DAL;C:\Program Files\Intel\Intel(R) Management Engine Components\DAL;C:\Program Files (x86)\Intel\Intel(R) Management Engine Components\IPT;C:\Program Files\Intel\Intel(R) Management Engine Components\IPT;D:\ProgramFiles\Git\cmd;D:\ProgramFiles\MySql5.5\bin;D:\ProgramFiles\NodeJS\;C:\Program Files\TortoiseSVN\bin;C:\Program Files\Intel\WiFi\bin\;C:\Program Files\Common Files\Intel\WirelessCommon\;D:\ProgramFiles\python\Scripts\;D:\ProgramFiles\python\;D:\ProgramFiles\hadoop-2.7.2\bin;C:\Users\wangyg\AppData\Local\Microsoft\WindowsApps;D:\ProgramFiles\Java\jdk1.8.0_141\bin;D:\ProgramFiles\apache-maven-3.2.2\bin;D:\ProgramFiles\PyCharm Community Edition 2019.3.3\bin;;D:\ProgramFiles\Scala\scala-2.11.8\bin;C:\Users\wangyg\AppData\Roaming\npm;D:\ProgramFiles\TortoiseSVN\bin;D:\ProgramFiles\IntelliJ IDEA 2019.2.3\bin;;%PyCharm%;D:\ProgramFiles\gradle-6.2.1-bin\gradle-6.2.1\bin;;."/>
    <property name="java.vm.info" value="mixed mode"/>
    <property name="java.vendor" value="Oracle Corporation"/>
    <property name="java.vm.version" value="25.141-b15"/>
    <property name="java.ext.dirs" value="D:\ProgramFiles\Java\jdk1.8.0_141\jre\lib\ext;C:\Windows\Sun\Java\lib\ext"/>
    <property name="sun.io.unicode.encoding" value="UnicodeLittle"/>
    <property name="java.class.version" value="52.0"/>
  </properties>
  <testcase name="testConcurrentSplitAssignment" classname="org.apache.flink.core.io.DefaultSplitAssignerTest" time="0.134"/>
  <testcase name="testSerialSplitAssignment" classname="org.apache.flink.core.io.DefaultSplitAssignerTest" time="0"/>
</testsuite>